{
  "RSpec": {
    "coverage": {
      "/Users/ochowoikongbeh/Desktop/iReporter-BE/app/models/user.rb": [
        1,
        1,
        null,
        1,
        5,
        null,
        null,
        null,
        1,
        null
      ],
      "/Users/ochowoikongbeh/Desktop/iReporter-BE/app/models/application_record.rb": [
        1,
        1,
        null
      ],
      "/Users/ochowoikongbeh/Desktop/iReporter-BE/app/mailers/application_mailer.rb": [
        0,
        0,
        0,
        0
      ],
      "/Users/ochowoikongbeh/Desktop/iReporter-BE/app/jobs/application_job.rb": [
        0,
        null,
        null,
        null,
        null,
        null,
        0
      ],
      "/Users/ochowoikongbeh/Desktop/iReporter-BE/app/controllers/application_controller.rb": [
        0,
        0
      ],
      "/Users/ochowoikongbeh/Desktop/iReporter-BE/app/channels/application_cable/connection.rb": [
        0,
        0,
        0,
        0
      ],
      "/Users/ochowoikongbeh/Desktop/iReporter-BE/app/channels/application_cable/channel.rb": [
        0,
        0,
        0,
        0
      ]
    },
    "timestamp": 1566578559
  }
}
