{
  "RSpec": {
    "coverage": {
      "/Users/ochowoikongbeh/Desktop/iReporter-BE/app/controllers/users_controller.rb": [
        1,
        1,
        1,
        2,
        2,
        2,
        2,
        null,
        null,
        null,
        1,
        2,
        null,
        1,
        0,
        null,
        null,
        null
      ],
      "/Users/ochowoikongbeh/Desktop/iReporter-BE/app/controllers/application_controller.rb": [
        1,
        1,
        1,
        null
      ],
      "/Users/ochowoikongbeh/Desktop/iReporter-BE/app/controllers/concerns/response.rb": [
        1,
        1,
        0,
        null,
        null
      ],
      "/Users/ochowoikongbeh/Desktop/iReporter-BE/app/controllers/concerns/exception_handler.rb": [
        1,
        null,
        1,
        null,
        null,
        1,
        1,
        1,
        1,
        1,
        1,
        null,
        null,
        1,
        null,
        1,
        1,
        1,
        1,
        1,
        1,
        1,
        null,
        null,
        1,
        0,
        null,
        null,
        null,
        1,
        0,
        null,
        null,
        null,
        1,
        0,
        null,
        null,
        null,
        1,
        0,
        null,
        null,
        null,
        1,
        0,
        null,
        null
      ],
      "/Users/ochowoikongbeh/Desktop/iReporter-BE/app/controllers/welcome_controller.rb": [
        1,
        null
      ],
      "/Users/ochowoikongbeh/Desktop/iReporter-BE/app/models/user.rb": [
        1,
        1,
        null,
        1,
        8,
        null,
        null,
        null,
        1,
        1,
        null,
        null,
        1,
        null
      ],
      "/Users/ochowoikongbeh/Desktop/iReporter-BE/app/models/application_record.rb": [
        1,
        1,
        null
      ],
      "/Users/ochowoikongbeh/Desktop/iReporter-BE/app/mailers/application_mailer.rb": [
        0,
        0,
        0,
        0
      ],
      "/Users/ochowoikongbeh/Desktop/iReporter-BE/app/auth/authenticate_user.rb": [
        null,
        0,
        0,
        0,
        null,
        null,
        0,
        0,
        0,
        0,
        null,
        null,
        0,
        0,
        0,
        null,
        0,
        null,
        0,
        0,
        0,
        null,
        0,
        0,
        0,
        0
      ],
      "/Users/ochowoikongbeh/Desktop/iReporter-BE/app/jobs/application_job.rb": [
        0,
        null,
        null,
        null,
        null,
        null,
        0
      ],
      "/Users/ochowoikongbeh/Desktop/iReporter-BE/app/channels/application_cable/connection.rb": [
        0,
        0,
        0,
        0
      ],
      "/Users/ochowoikongbeh/Desktop/iReporter-BE/app/channels/application_cable/channel.rb": [
        0,
        0,
        0,
        0
      ],
      "/Users/ochowoikongbeh/Desktop/iReporter-BE/lib/json_web_token.rb": [
        null,
        0,
        null,
        null,
        0,
        0,
        null,
        0,
        null,
        null,
        0,
        0,
        null,
        0,
        null,
        0,
        0,
        null,
        null,
        0,
        0,
        0,
        0,
        0,
        0,
        0
      ]
    },
    "timestamp": 1567765756
  },
  "Unknown Test Framework": {
    "coverage": {
      "/Users/ochowoikongbeh/Desktop/iReporter-BE/bin/spring": [
        null,
        null,
        null,
        null,
        null,
        1,
        1,
        1,
        null,
        1,
        61,
        1,
        1,
        1,
        1,
        null,
        null
      ],
      "/Users/ochowoikongbeh/Desktop/iReporter-BE/app/mailers/application_mailer.rb": [
        0,
        0,
        0,
        0
      ],
      "/Users/ochowoikongbeh/Desktop/iReporter-BE/app/models/application_record.rb": [
        0,
        0,
        0
      ],
      "/Users/ochowoikongbeh/Desktop/iReporter-BE/app/models/user.rb": [
        0,
        0,
        null,
        0,
        0,
        0,
        null,
        null,
        0,
        0
      ],
      "/Users/ochowoikongbeh/Desktop/iReporter-BE/app/jobs/application_job.rb": [
        0,
        null,
        null,
        null,
        null,
        null,
        0
      ],
      "/Users/ochowoikongbeh/Desktop/iReporter-BE/app/controllers/application_controller.rb": [
        0,
        0
      ],
      "/Users/ochowoikongbeh/Desktop/iReporter-BE/app/controllers/users_controller.rb": [
        0,
        0
      ],
      "/Users/ochowoikongbeh/Desktop/iReporter-BE/app/channels/application_cable/connection.rb": [
        0,
        0,
        0,
        0
      ],
      "/Users/ochowoikongbeh/Desktop/iReporter-BE/app/channels/application_cable/channel.rb": [
        0,
        0,
        0,
        0
      ]
    },
    "timestamp": 1566984329
  }
}
